  [1m[35m (1.1ms)[0m  [1m[34mSELECT sqlite_version(*)[0m
  [1m[35m (0.0ms)[0m  [1m[34mSELECT sqlite_version(*)[0m
  [1m[35m (0.4ms)[0m  [1m[34mSELECT sqlite_version(*)[0m
  [1m[35m (10.9ms)[0m  [1m[35mCREATE TABLE "schema_migrations" ("version" varchar NOT NULL PRIMARY KEY)[0m
  [1m[35m (11.7ms)[0m  [1m[35mCREATE TABLE "ar_internal_metadata" ("key" varchar NOT NULL PRIMARY KEY, "value" varchar, "created_at" datetime(6) NOT NULL, "updated_at" datetime(6) NOT NULL)[0m
  [1m[35m (0.4ms)[0m  [1m[34mSELECT "schema_migrations"."version" FROM "schema_migrations" ORDER BY "schema_migrations"."version" ASC[0m
Migrating to CreatePosts (20191119043334)
  [1m[35m (0.1ms)[0m  [1m[36mbegin transaction[0m
  [1m[35m (0.4ms)[0m  [1m[35mCREATE TABLE "posts" ("id" integer PRIMARY KEY AUTOINCREMENT NOT NULL, "content" text, "created_at" datetime(6) NOT NULL, "updated_at" datetime(6) NOT NULL)[0m
  [1m[36mprimary::SchemaMigration Create (0.2ms)[0m  [1m[32mINSERT INTO "schema_migrations" ("version") VALUES (?)[0m  [["version", "20191119043334"]]
  [1m[35m (8.0ms)[0m  [1m[36mcommit transaction[0m
Migrating to CreateVisitors (20191119043359)
  [1m[35m (0.1ms)[0m  [1m[36mbegin transaction[0m
  [1m[35m (0.3ms)[0m  [1m[35mCREATE TABLE "visitors" ("id" integer PRIMARY KEY AUTOINCREMENT NOT NULL, "name" varchar, "created_at" datetime(6) NOT NULL, "updated_at" datetime(6) NOT NULL)[0m
  [1m[36mprimary::SchemaMigration Create (0.2ms)[0m  [1m[32mINSERT INTO "schema_migrations" ("version") VALUES (?)[0m  [["version", "20191119043359"]]
  [1m[35m (6.9ms)[0m  [1m[36mcommit transaction[0m
Migrating to CreateUpvotes (20191119043538)
  [1m[35m (0.2ms)[0m  [1m[34mSELECT sqlite_version(*)[0m
  [1m[35m (0.1ms)[0m  [1m[34mSELECT "schema_migrations"."version" FROM "schema_migrations" ORDER BY "schema_migrations"."version" ASC[0m
Migrating to CreateUpvotes (20191119043538)
  [1m[35m (0.0ms)[0m  [1m[36mbegin transaction[0m
  [1m[35m (0.5ms)[0m  [1m[35mCREATE TABLE "upvotes" ("id" integer PRIMARY KEY AUTOINCREMENT NOT NULL, "post_id" integer NOT NULL, "visitor_id" integer NOT NULL, "created_at" datetime(6) NOT NULL, "updated_at" datetime(6) NOT NULL, CONSTRAINT "fk_rails_175c3330f9"
FOREIGN KEY ("post_id")
  REFERENCES "posts" ("id")
)[0m
  [1m[35m (0.1ms)[0m  [1m[35mCREATE  INDEX "index_upvotes_on_post_id" ON "upvotes" ("post_id")[0m
  [1m[35m (0.1ms)[0m  [1m[35mCREATE  INDEX "index_upvotes_on_visitor_id" ON "upvotes" ("visitor_id")[0m
  [1m[36mprimary::SchemaMigration Create (0.1ms)[0m  [1m[32mINSERT INTO "schema_migrations" ("version") VALUES (?)[0m  [["version", "20191119043538"]]
  [1m[35m (11.8ms)[0m  [1m[36mcommit transaction[0m
  [1m[36mActiveRecord::InternalMetadata Load (0.2ms)[0m  [1m[34mSELECT "ar_internal_metadata".* FROM "ar_internal_metadata" WHERE "ar_internal_metadata"."key" = ? LIMIT ?[0m  [["key", "environment"], ["LIMIT", 1]]
  [1m[35m (0.1ms)[0m  [1m[36mbegin transaction[0m
  [1m[36mActiveRecord::InternalMetadata Create (0.3ms)[0m  [1m[32mINSERT INTO "ar_internal_metadata" ("key", "value", "created_at", "updated_at") VALUES (?, ?, ?, ?)[0m  [["key", "environment"], ["value", "development"], ["created_at", "2019-11-19 04:48:31.351938"], ["updated_at", "2019-11-19 04:48:31.351938"]]
  [1m[35m (5.4ms)[0m  [1m[36mcommit transaction[0m
  [1m[35m (0.1ms)[0m  [1m[34mSELECT sqlite_version(*)[0m
  [1m[35m (0.1ms)[0m  [1m[34mSELECT "schema_migrations"."version" FROM "schema_migrations" ORDER BY "schema_migrations"."version" ASC[0m
  [1m[35m (0.4ms)[0m  [1m[34mSELECT sqlite_version(*)[0m
  [1m[35m (0.1ms)[0m  [1m[36mbegin transaction[0m
  [1m[36mPost Create (0.3ms)[0m  [1m[32mINSERT INTO "posts" ("content", "created_at", "updated_at") VALUES (?, ?, ?)[0m  [["content", "abcdef"], ["created_at", "2019-11-19 04:48:52.530103"], ["updated_at", "2019-11-19 04:48:52.530103"]]
  [1m[35m (5.5ms)[0m  [1m[36mcommit transaction[0m
  [1m[35m (0.1ms)[0m  [1m[34mSELECT COUNT(*) FROM "posts"[0m
  [1m[36mPost Load (0.1ms)[0m  [1m[34mSELECT "posts".* FROM "posts" ORDER BY "posts"."id" DESC LIMIT ?[0m  [["LIMIT", 1]]
  [1m[36mPost Load (0.3ms)[0m  [1m[34mSELECT "posts".* FROM "posts" ORDER BY "posts"."id" DESC LIMIT ?[0m  [["LIMIT", 1]]
  [1m[36mPost Load (0.1ms)[0m  [1m[34mSELECT "posts".* FROM "posts" ORDER BY "posts"."id" DESC LIMIT ?[0m  [["LIMIT", 1]]
  [1m[36mUpvote Exists? (0.2ms)[0m  [1m[34mSELECT 1 AS one FROM "upvotes" WHERE "upvotes"."post_id" = ? AND "upvotes"."visitor_id" IS NULL LIMIT ?[0m  [["post_id", 1], ["LIMIT", 1]]
  [1m[36mUpvote Exists? (0.1ms)[0m  [1m[34mSELECT 1 AS one FROM "upvotes" WHERE "upvotes"."visitor_id" IS NULL AND "upvotes"."post_id" = ? LIMIT ?[0m  [["post_id", 1], ["LIMIT", 1]]
  [1m[35m (0.1ms)[0m  [1m[36mbegin transaction[0m
  [1m[36mVisitor Create (0.6ms)[0m  [1m[32mINSERT INTO "visitors" ("name", "created_at", "updated_at") VALUES (?, ?, ?)[0m  [["name", "tanmay"], ["created_at", "2019-11-19 04:50:10.861772"], ["updated_at", "2019-11-19 04:50:10.861772"]]
  [1m[35m (22.5ms)[0m  [1m[36mcommit transaction[0m
  [1m[36mPost Load (0.3ms)[0m  [1m[34mSELECT "posts".* FROM "posts" ORDER BY "posts"."id" DESC LIMIT ?[0m  [["LIMIT", 1]]
  [1m[36mVisitor Load (0.4ms)[0m  [1m[34mSELECT "visitors".* FROM "visitors" ORDER BY "visitors"."id" DESC LIMIT ?[0m  [["LIMIT", 1]]
  [1m[36mUpvote Exists? (0.1ms)[0m  [1m[34mSELECT 1 AS one FROM "upvotes" WHERE "upvotes"."post_id" = ? AND "upvotes"."visitor_id" = ? LIMIT ?[0m  [["post_id", 1], ["visitor_id", 1], ["LIMIT", 1]]
  [1m[36mUpvote Exists? (0.1ms)[0m  [1m[34mSELECT 1 AS one FROM "upvotes" WHERE "upvotes"."visitor_id" = ? AND "upvotes"."post_id" = ? LIMIT ?[0m  [["visitor_id", 1], ["post_id", 1], ["LIMIT", 1]]
  [1m[36mPost Load (0.1ms)[0m  [1m[34mSELECT "posts".* FROM "posts" ORDER BY "posts"."id" DESC LIMIT ?[0m  [["LIMIT", 1]]
  [1m[36mVisitor Load (0.1ms)[0m  [1m[34mSELECT "visitors".* FROM "visitors" ORDER BY "visitors"."id" DESC LIMIT ?[0m  [["LIMIT", 1]]
  [1m[35m (0.0ms)[0m  [1m[36mbegin transaction[0m
  [1m[36mUpvote Exists? (0.1ms)[0m  [1m[34mSELECT 1 AS one FROM "upvotes" WHERE "upvotes"."post_id" = ? AND "upvotes"."visitor_id" = ? LIMIT ?[0m  [["post_id", 1], ["visitor_id", 1], ["LIMIT", 1]]
  [1m[36mUpvote Exists? (0.1ms)[0m  [1m[34mSELECT 1 AS one FROM "upvotes" WHERE "upvotes"."visitor_id" = ? AND "upvotes"."post_id" = ? LIMIT ?[0m  [["visitor_id", 1], ["post_id", 1], ["LIMIT", 1]]
  [1m[36mUpvote Create (0.2ms)[0m  [1m[32mINSERT INTO "upvotes" ("post_id", "visitor_id", "created_at", "updated_at") VALUES (?, ?, ?, ?)[0m  [["post_id", 1], ["visitor_id", 1], ["created_at", "2019-11-19 04:50:35.143213"], ["updated_at", "2019-11-19 04:50:35.143213"]]
  [1m[35m (19.0ms)[0m  [1m[36mcommit transaction[0m
  [1m[36mPost Load (0.4ms)[0m  [1m[34mSELECT "posts".* FROM "posts" ORDER BY "posts"."id" DESC LIMIT ?[0m  [["LIMIT", 1]]
  [1m[36mVisitor Load (0.2ms)[0m  [1m[34mSELECT "visitors".* FROM "visitors" ORDER BY "visitors"."id" DESC LIMIT ?[0m  [["LIMIT", 1]]
  [1m[36mUpvote Exists? (0.3ms)[0m  [1m[34mSELECT 1 AS one FROM "upvotes" WHERE "upvotes"."post_id" = ? AND "upvotes"."visitor_id" = ? LIMIT ?[0m  [["post_id", 1], ["visitor_id", 1], ["LIMIT", 1]]
  [1m[36mUpvote Exists? (0.1ms)[0m  [1m[34mSELECT 1 AS one FROM "upvotes" WHERE "upvotes"."visitor_id" = ? AND "upvotes"."post_id" = ? LIMIT ?[0m  [["visitor_id", 1], ["post_id", 1], ["LIMIT", 1]]
  [1m[36mPost Load (0.3ms)[0m  [1m[34mSELECT "posts".* FROM "posts" ORDER BY "posts"."id" DESC LIMIT ?[0m  [["LIMIT", 1]]
  [1m[36mVisitor Load (0.2ms)[0m  [1m[34mSELECT "visitors".* FROM "visitors" ORDER BY "visitors"."id" DESC LIMIT ?[0m  [["LIMIT", 1]]
  [1m[35m (1.0ms)[0m  [1m[34mSELECT sqlite_version(*)[0m
  [1m[35m (0.5ms)[0m  [1m[34mSELECT COUNT(*) FROM "upvotes"[0m
